0 info it worked if it ends with ok
1 verbose cli [ 'c:\\Program Files\\nodejs\\node.exe',
1 verbose cli   'c:\\Program Files\\nodejs\\node_modules\\npm\\bin\\npm-cli.js',
1 verbose cli   'install',
1 verbose cli   'ScrollMagic' ]
2 info using npm@2.11.3
3 info using node@v0.12.7
4 verbose install initial load of C:\AppServ\www\CLI_MOVISTAR\personaje_move\package.json
5 warn package.json test-sass@0.1.0 No description
6 warn package.json test-sass@0.1.0 No repository field.
7 warn package.json test-sass@0.1.0 No README data
8 warn package.json test-sass@0.1.0 No license field.
9 verbose installManyTop reading scoped package data from C:\AppServ\www\CLI_MOVISTAR\personaje_move\node_modules\grunt\package.json
10 verbose installManyTop reading scoped package data from C:\AppServ\www\CLI_MOVISTAR\personaje_move\node_modules\grunt-coffeelint\package.json
11 verbose installManyTop reading scoped package data from C:\AppServ\www\CLI_MOVISTAR\personaje_move\node_modules\grunt-contrib-coffee\package.json
12 verbose installManyTop reading scoped package data from C:\AppServ\www\CLI_MOVISTAR\personaje_move\node_modules\grunt-contrib-connect\package.json
13 verbose installManyTop reading scoped package data from C:\AppServ\www\CLI_MOVISTAR\personaje_move\node_modules\grunt-contrib-jade\package.json
14 verbose installManyTop reading scoped package data from C:\AppServ\www\CLI_MOVISTAR\personaje_move\node_modules\grunt-contrib-livereload\package.json
15 verbose installManyTop reading scoped package data from C:\AppServ\www\CLI_MOVISTAR\personaje_move\node_modules\grunt-contrib-sass\package.json
16 verbose installManyTop reading scoped package data from C:\AppServ\www\CLI_MOVISTAR\personaje_move\node_modules\grunt-contrib-watch\package.json
17 verbose installManyTop reading scoped package data from C:\AppServ\www\CLI_MOVISTAR\personaje_move\node_modules\grunt-string-replace\package.json
18 info package.json grunt@0.4.1 No license field.
19 info package.json grunt-coffeelint@0.0.7 No license field.
20 info package.json grunt-contrib-coffee@0.7.0 No license field.
21 info package.json grunt-contrib-sass@0.5.0 No license field.
22 info package.json grunt-contrib-watch@0.5.3 No license field.
23 info package.json grunt-string-replace@1.2.0 No license field.
24 info package.json grunt-contrib-livereload@0.1.2 No license field.
25 info package.json grunt-contrib-jade@0.11.0 No license field.
26 verbose readDependencies loading dependencies from C:\AppServ\www\CLI_MOVISTAR\personaje_move\package.json
27 silly cache add args [ 'ScrollMagic', null ]
28 verbose cache add spec ScrollMagic
29 silly cache add parsed spec { raw: 'ScrollMagic',
29 silly cache add   scope: null,
29 silly cache add   name: 'ScrollMagic',
29 silly cache add   rawSpec: '',
29 silly cache add   spec: '*',
29 silly cache add   type: 'range' }
30 silly addNamed ScrollMagic@*
31 verbose addNamed "*" is a valid semver range for ScrollMagic
32 silly addNameRange { name: 'ScrollMagic', range: '*', hasData: false }
33 silly mapToRegistry name ScrollMagic
34 silly mapToRegistry using default registry
35 silly mapToRegistry registry https://registry.npmjs.org/
36 silly mapToRegistry uri https://registry.npmjs.org/ScrollMagic
37 verbose addNameRange registry:https://registry.npmjs.org/ScrollMagic not in flight; fetching
38 verbose request uri https://registry.npmjs.org/ScrollMagic
39 verbose request no auth needed
40 info attempt registry request try #1 at 12:05:57
41 verbose request id 259a62c2840e94e6
42 http request GET https://registry.npmjs.org/ScrollMagic
43 http 404 https://registry.npmjs.org/ScrollMagic
44 verbose headers { 'content-type': 'application/json',
44 verbose headers   'cache-control': 'max-age=0',
44 verbose headers   'content-length': '2',
44 verbose headers   'accept-ranges': 'bytes',
44 verbose headers   date: 'Mon, 07 Sep 2015 17:05:58 GMT',
44 verbose headers   via: '1.1 varnish',
44 verbose headers   age: '0',
44 verbose headers   connection: 'keep-alive',
44 verbose headers   'x-served-by': 'cache-atl6226-ATL',
44 verbose headers   'x-cache': 'MISS',
44 verbose headers   'x-cache-hits': '0',
44 verbose headers   'x-timer': 'S1441645558.482564,VS0,VE88' }
45 silly get cb [ 404,
45 silly get   { 'content-type': 'application/json',
45 silly get     'cache-control': 'max-age=0',
45 silly get     'content-length': '2',
45 silly get     'accept-ranges': 'bytes',
45 silly get     date: 'Mon, 07 Sep 2015 17:05:58 GMT',
45 silly get     via: '1.1 varnish',
45 silly get     age: '0',
45 silly get     connection: 'keep-alive',
45 silly get     'x-served-by': 'cache-atl6226-ATL',
45 silly get     'x-cache': 'MISS',
45 silly get     'x-cache-hits': '0',
45 silly get     'x-timer': 'S1441645558.482564,VS0,VE88' } ]
46 verbose stack Error: Registry returned 404 for GET on https://registry.npmjs.org/ScrollMagic
46 verbose stack     at CachingRegistryClient.<anonymous> (c:\Program Files\nodejs\node_modules\npm\node_modules\npm-registry-client\lib\request.js:239:14)
46 verbose stack     at Request._callback (c:\Program Files\nodejs\node_modules\npm\node_modules\npm-registry-client\lib\request.js:170:14)
46 verbose stack     at Request.self.callback (c:\Program Files\nodejs\node_modules\npm\node_modules\request\request.js:354:22)
46 verbose stack     at Request.emit (events.js:110:17)
46 verbose stack     at Request.<anonymous> (c:\Program Files\nodejs\node_modules\npm\node_modules\request\request.js:1207:14)
46 verbose stack     at Request.emit (events.js:129:20)
46 verbose stack     at IncomingMessage.<anonymous> (c:\Program Files\nodejs\node_modules\npm\node_modules\request\request.js:1153:12)
46 verbose stack     at IncomingMessage.emit (events.js:129:20)
46 verbose stack     at _stream_readable.js:908:16
46 verbose stack     at process._tickCallback (node.js:355:11)
47 verbose statusCode 404
48 verbose pkgid ScrollMagic
49 verbose cwd C:\AppServ\www\CLI_MOVISTAR\personaje_move
50 error Windows_NT 6.1.7601
51 error argv "c:\\Program Files\\nodejs\\node.exe" "c:\\Program Files\\nodejs\\node_modules\\npm\\bin\\npm-cli.js" "install" "ScrollMagic"
52 error node v0.12.7
53 error npm  v2.11.3
54 error code E404
55 error 404 Registry returned 404 for GET on https://registry.npmjs.org/ScrollMagic
55 error 404
55 error 404 'ScrollMagic' is not in the npm registry.
55 error 404 Your package name is not valid, because
55 error 404
55 error 404  1. name can no longer contain capital letters
55 error 404 It was specified as a dependency of 'test-sass'
55 error 404
55 error 404 Note that you can also install from a
55 error 404 tarball, folder, http url, or git url.
56 verbose exit [ 1, true ]
